[2025-05-20T10:20:53.671Z] INFO: 
📦 CHECKPOINT-FÄHIGES MIGRATIONS-TOOL
[2025-05-20T10:20:53.672Z] INFO: ════════════════════════════════════════════
[2025-05-20T10:20:53.672Z] SUCCESS: Ausgewählter Batch: Batch 5: Complex Feature Components
[2025-05-20T10:20:53.672Z] INFO: Beschreibung: High complexity feature components
[2025-05-20T10:20:53.672Z] INFO: Komponenten: 33
[2025-05-20T10:20:53.672Z] INFO: Geschätzter Aufwand: 46.2 Stunden
[2025-05-20T10:20:53.674Z] INFO: 
🚀 Starte Migration von 33 Komponenten
[2025-05-20T10:20:53.674Z] INFO: 
[1/33] Verarbeite Komponente: journal_post
[2025-05-20T10:20:53.675Z] INFO: Erstelle Verzeichnis: /Users/samuelrenner/cincinhotels/src/components/journal_post
[2025-05-20T10:20:53.675Z] INFO: 
➤ Migriere Komponente: journal_post
[2025-05-20T10:20:53.675Z] INFO:   Quelle: components/journal_post/index.js
[2025-05-20T10:20:53.675Z] INFO:   Ziel: /Users/samuelrenner/cincinhotels/src/components/journal_post/index.ts
[2025-05-20T10:20:53.675Z] INFO:   Konvertiere zu TypeScript...
[2025-05-20T10:20:53.778Z] WARN:   Fallback: Kopiere und benenne Datei manuell um...
[2025-05-20T10:20:53.779Z] INFO:   Standardisiere Import-Pfade...
[2025-05-20T10:20:53.779Z] INFO:   Füge TypeScript-Typen hinzu...
[2025-05-20T10:20:53.779Z] INFO:   Verifiziere Migration...
[2025-05-20T10:20:55.556Z] WARN:   ⚠ TypeScript-Verifizierung fehlgeschlagen: Befehl fehlgeschlagen mit Exit-Code 2: 
[2025-05-20T10:20:55.556Z] SUCCESS:   ✓ journal_post erfolgreich migriert in 1881ms
[2025-05-20T10:20:56.559Z] INFO: 
[2/33] Verarbeite Komponente: TravelContent
[2025-05-20T10:20:56.560Z] INFO: 
➤ Migriere Komponente: TravelContent
[2025-05-20T10:20:56.560Z] INFO:   Quelle: components/journal_post/TravelContent.jsx
[2025-05-20T10:20:56.560Z] INFO:   Ziel: /Users/samuelrenner/cincinhotels/src/components/journal_post/TravelContent.tsx
[2025-05-20T10:20:56.560Z] INFO:   Konvertiere zu TypeScript...
[2025-05-20T10:20:56.666Z] WARN:   Fallback: Kopiere und benenne Datei manuell um...
[2025-05-20T10:20:56.666Z] INFO:   Standardisiere Import-Pfade...
[2025-05-20T10:20:56.667Z] INFO:   Füge TypeScript-Typen hinzu...
[2025-05-20T10:20:56.667Z] INFO:   Verifiziere Migration...
[2025-05-20T10:20:58.449Z] WARN:   ⚠ TypeScript-Verifizierung fehlgeschlagen: Befehl fehlgeschlagen mit Exit-Code 2: 
[2025-05-20T10:20:58.449Z] SUCCESS:   ✓ TravelContent erfolgreich migriert in 1889ms
[2025-05-20T10:20:59.451Z] INFO: 
[3/33] Verarbeite Komponente: RelatedHotelsSection
[2025-05-20T10:20:59.453Z] INFO: 
➤ Migriere Komponente: RelatedHotelsSection
[2025-05-20T10:20:59.453Z] INFO:   Quelle: components/journal_post/RelatedHotelsSection.jsx
[2025-05-20T10:20:59.454Z] INFO:   Ziel: /Users/samuelrenner/cincinhotels/src/components/journal_post/RelatedHotelsSection.tsx
[2025-05-20T10:20:59.454Z] INFO:   Konvertiere zu TypeScript...
[2025-05-20T10:20:59.561Z] WARN:   Fallback: Kopiere und benenne Datei manuell um...
[2025-05-20T10:20:59.561Z] INFO:   Standardisiere Import-Pfade...
[2025-05-20T10:20:59.562Z] INFO:   Füge TypeScript-Typen hinzu...
[2025-05-20T10:20:59.562Z] INFO:   Verifiziere Migration...
[2025-05-20T10:21:01.371Z] WARN:   ⚠ TypeScript-Verifizierung fehlgeschlagen: Befehl fehlgeschlagen mit Exit-Code 2: 
[2025-05-20T10:21:01.371Z] SUCCESS:   ✓ RelatedHotelsSection erfolgreich migriert in 1919ms
[2025-05-20T10:21:02.374Z] INFO: 
[4/33] Verarbeite Komponente: JournalPostHero
[2025-05-20T10:21:02.374Z] INFO: 
➤ Migriere Komponente: JournalPostHero
[2025-05-20T10:21:02.374Z] INFO:   Quelle: components/journal_post/JournalPostHero.jsx
[2025-05-20T10:21:02.374Z] INFO:   Ziel: /Users/samuelrenner/cincinhotels/src/components/journal_post/JournalPostHero.tsx
[2025-05-20T10:21:02.374Z] INFO:   Konvertiere zu TypeScript...
[2025-05-20T10:21:02.490Z] WARN:   Fallback: Kopiere und benenne Datei manuell um...
[2025-05-20T10:21:02.490Z] INFO:   Standardisiere Import-Pfade...
[2025-05-20T10:21:02.491Z] INFO:   Füge TypeScript-Typen hinzu...
[2025-05-20T10:21:02.491Z] INFO:   Verifiziere Migration...
[2025-05-20T10:21:04.309Z] WARN:   ⚠ TypeScript-Verifizierung fehlgeschlagen: Befehl fehlgeschlagen mit Exit-Code 2: 
[2025-05-20T10:21:04.309Z] SUCCESS:   ✓ JournalPostHero erfolgreich migriert in 1935ms
[2025-05-20T10:21:05.311Z] INFO: 
[5/33] Verarbeite Komponente: JournalPostContent
[2025-05-20T10:21:05.311Z] INFO: 
➤ Migriere Komponente: JournalPostContent
[2025-05-20T10:21:05.311Z] INFO:   Quelle: components/journal_post/JournalPostContent.jsx
[2025-05-20T10:21:05.311Z] INFO:   Ziel: /Users/samuelrenner/cincinhotels/src/components/journal_post/JournalPostContent.tsx
[2025-05-20T10:21:05.311Z] INFO:   Konvertiere zu TypeScript...
[2025-05-20T10:21:05.418Z] WARN:   Fallback: Kopiere und benenne Datei manuell um...
[2025-05-20T10:21:05.418Z] INFO:   Standardisiere Import-Pfade...
[2025-05-20T10:21:05.419Z] INFO:   Füge TypeScript-Typen hinzu...
[2025-05-20T10:21:05.419Z] INFO:   Verifiziere Migration...
[2025-05-20T10:21:07.222Z] WARN:   ⚠ TypeScript-Verifizierung fehlgeschlagen: Befehl fehlgeschlagen mit Exit-Code 2: 
[2025-05-20T10:21:07.222Z] SUCCESS:   ✓ JournalPostContent erfolgreich migriert in 1911ms
[2025-05-20T10:21:08.224Z] INFO: 
[6/33] Verarbeite Komponente: ArticleInfo
[2025-05-20T10:21:08.225Z] INFO: 
➤ Migriere Komponente: ArticleInfo
[2025-05-20T10:21:08.225Z] INFO:   Quelle: components/journal_post/ArticleInfo.jsx
[2025-05-20T10:21:08.225Z] INFO:   Ziel: /Users/samuelrenner/cincinhotels/src/components/journal_post/ArticleInfo.tsx
[2025-05-20T10:21:08.225Z] INFO:   Konvertiere zu TypeScript...
[2025-05-20T10:21:08.335Z] WARN:   Fallback: Kopiere und benenne Datei manuell um...
[2025-05-20T10:21:08.335Z] INFO:   Standardisiere Import-Pfade...
[2025-05-20T10:21:08.335Z] INFO:   Füge TypeScript-Typen hinzu...
[2025-05-20T10:21:08.335Z] INFO:   Verifiziere Migration...
[2025-05-20T10:21:10.150Z] WARN:   ⚠ TypeScript-Verifizierung fehlgeschlagen: Befehl fehlgeschlagen mit Exit-Code 2: 
[2025-05-20T10:21:10.150Z] SUCCESS:   ✓ ArticleInfo erfolgreich migriert in 1925ms
[2025-05-20T10:21:11.153Z] INFO: 
[7/33] Verarbeite Komponente: Hero
[2025-05-20T10:21:11.153Z] INFO: Erstelle Verzeichnis: /Users/samuelrenner/cincinhotels/src/components/journal
[2025-05-20T10:21:11.154Z] INFO: 
➤ Migriere Komponente: Hero
[2025-05-20T10:21:11.154Z] INFO:   Quelle: components/journal/Hero.jsx
[2025-05-20T10:21:11.154Z] INFO:   Ziel: /Users/samuelrenner/cincinhotels/src/components/journal/Hero.tsx
[2025-05-20T10:21:11.154Z] INFO:   Konvertiere zu TypeScript...
[2025-05-20T10:21:11.271Z] WARN:   Fallback: Kopiere und benenne Datei manuell um...
[2025-05-20T10:21:11.271Z] INFO:   Standardisiere Import-Pfade...
[2025-05-20T10:21:11.271Z] INFO:   Füge TypeScript-Typen hinzu...
[2025-05-20T10:21:11.271Z] INFO:   Verifiziere Migration...
[2025-05-20T10:21:13.140Z] WARN:   ⚠ TypeScript-Verifizierung fehlgeschlagen: Befehl fehlgeschlagen mit Exit-Code 2: 
[2025-05-20T10:21:13.140Z] SUCCESS:   ✓ Hero erfolgreich migriert in 1987ms
[2025-05-20T10:21:14.143Z] INFO: 
[8/33] Verarbeite Komponente: hotels
[2025-05-20T10:21:14.144Z] INFO: 
➤ Migriere Komponente: hotels
[2025-05-20T10:21:14.144Z] INFO:   Quelle: components/hotels/index.js
[2025-05-20T10:21:14.144Z] INFO:   Ziel: /Users/samuelrenner/cincinhotels/src/components/hotels/index.ts
[2025-05-20T10:21:14.144Z] INFO:   Konvertiere zu TypeScript...
[2025-05-20T10:21:14.248Z] INFO:   Standardisiere Import-Pfade...
[2025-05-20T10:21:14.249Z] INFO:   Füge TypeScript-Typen hinzu...
[2025-05-20T10:21:14.249Z] INFO:   Verifiziere Migration...
[2025-05-20T10:21:15.985Z] WARN:   ⚠ TypeScript-Verifizierung fehlgeschlagen: Befehl fehlgeschlagen mit Exit-Code 2: 
[2025-05-20T10:21:15.985Z] SUCCESS:   ✓ hotels erfolgreich migriert in 1841ms
[2025-05-20T10:21:16.988Z] INFO: 
[9/33] Verarbeite Komponente: ViewSwitcher
[2025-05-20T10:21:16.990Z] INFO: 
➤ Migriere Komponente: ViewSwitcher
[2025-05-20T10:21:16.990Z] INFO:   Quelle: components/hotels/ViewSwitcher.jsx
[2025-05-20T10:21:16.990Z] INFO:   Ziel: /Users/samuelrenner/cincinhotels/src/components/hotels/ViewSwitcher.tsx
[2025-05-20T10:21:16.991Z] INFO:   Konvertiere zu TypeScript...
[2025-05-20T10:21:17.091Z] WARN:   Fallback: Kopiere und benenne Datei manuell um...
[2025-05-20T10:21:17.091Z] INFO:   Standardisiere Import-Pfade...
[2025-05-20T10:21:17.091Z] INFO:   Füge TypeScript-Typen hinzu...
[2025-05-20T10:21:17.091Z] INFO:   Verifiziere Migration...
[2025-05-20T10:21:18.913Z] WARN:   ⚠ TypeScript-Verifizierung fehlgeschlagen: Befehl fehlgeschlagen mit Exit-Code 2: 
[2025-05-20T10:21:18.913Z] SUCCESS:   ✓ ViewSwitcher erfolgreich migriert in 1925ms
[2025-05-20T10:21:19.916Z] INFO: 
[10/33] Verarbeite Komponente: ImprovedCategoryButton
[2025-05-20T10:21:19.917Z] INFO: 
➤ Migriere Komponente: ImprovedCategoryButton
[2025-05-20T10:21:19.917Z] INFO:   Quelle: components/hotels/ImprovedCategoryButton.jsx
[2025-05-20T10:21:19.918Z] INFO:   Ziel: /Users/samuelrenner/cincinhotels/src/components/hotels/ImprovedCategoryButton.tsx
[2025-05-20T10:21:19.918Z] INFO:   Konvertiere zu TypeScript...
[2025-05-20T10:21:20.029Z] WARN:   Fallback: Kopiere und benenne Datei manuell um...
[2025-05-20T10:21:20.029Z] INFO:   Standardisiere Import-Pfade...
[2025-05-20T10:21:20.029Z] INFO:   Füge TypeScript-Typen hinzu...
[2025-05-20T10:21:20.029Z] INFO:   Verifiziere Migration...
[2025-05-20T10:21:21.840Z] WARN:   ⚠ TypeScript-Verifizierung fehlgeschlagen: Befehl fehlgeschlagen mit Exit-Code 2: 
[2025-05-20T10:21:21.840Z] SUCCESS:   ✓ ImprovedCategoryButton erfolgreich migriert in 1923ms
[2025-05-20T10:21:22.842Z] INFO: 
[11/33] Verarbeite Komponente: HotelModal
[2025-05-20T10:21:22.843Z] INFO: 
➤ Migriere Komponente: HotelModal
[2025-05-20T10:21:22.843Z] INFO:   Quelle: components/hotels/HotelModal.jsx
[2025-05-20T10:21:22.843Z] INFO:   Ziel: /Users/samuelrenner/cincinhotels/src/components/hotels/HotelModal.tsx
[2025-05-20T10:21:22.843Z] INFO:   Konvertiere zu TypeScript...
[2025-05-20T10:21:22.952Z] INFO:   Standardisiere Import-Pfade...
[2025-05-20T10:21:22.952Z] INFO:   Füge TypeScript-Typen hinzu...
[2025-05-20T10:21:22.953Z] INFO:   Verifiziere Migration...
[2025-05-20T10:21:23.518Z] WARN:   ⚠ TypeScript-Verifizierung fehlgeschlagen: Befehl fehlgeschlagen mit Exit-Code 2: 
[2025-05-20T10:21:23.518Z] SUCCESS:   ✓ HotelModal erfolgreich migriert in 676ms
[2025-05-20T10:21:24.521Z] INFO: 
[12/33] Verarbeite Komponente: HotelList
[2025-05-20T10:21:24.522Z] INFO: 
➤ Migriere Komponente: HotelList
[2025-05-20T10:21:24.522Z] INFO:   Quelle: components/hotels/HotelList.js
[2025-05-20T10:21:24.522Z] INFO:   Ziel: /Users/samuelrenner/cincinhotels/src/components/hotels/HotelList.ts
[2025-05-20T10:21:24.523Z] INFO:   Konvertiere zu TypeScript...
[2025-05-20T10:21:24.629Z] WARN:   Fallback: Kopiere und benenne Datei manuell um...
[2025-05-20T10:21:24.629Z] INFO:   Standardisiere Import-Pfade...
[2025-05-20T10:21:24.630Z] INFO:   Füge TypeScript-Typen hinzu...
[2025-05-20T10:21:24.630Z] INFO:   Verifiziere Migration...
[2025-05-20T10:21:26.401Z] WARN:   ⚠ TypeScript-Verifizierung fehlgeschlagen: Befehl fehlgeschlagen mit Exit-Code 2: 
[2025-05-20T10:21:26.401Z] SUCCESS:   ✓ HotelList erfolgreich migriert in 1880ms
[2025-05-20T10:21:27.404Z] INFO: 
[13/33] Verarbeite Komponente: HotelFilters
[2025-05-20T10:21:27.405Z] INFO: 
➤ Migriere Komponente: HotelFilters
[2025-05-20T10:21:27.405Z] INFO:   Quelle: components/hotels/HotelFilters.jsx
[2025-05-20T10:21:27.405Z] INFO:   Ziel: /Users/samuelrenner/cincinhotels/src/components/hotels/HotelFilters.tsx
[2025-05-20T10:21:27.405Z] INFO:   Konvertiere zu TypeScript...
[2025-05-20T10:21:27.515Z] INFO:   Standardisiere Import-Pfade...
[2025-05-20T10:21:27.516Z] INFO:   Füge TypeScript-Typen hinzu...
[2025-05-20T10:21:27.517Z] INFO:   Verifiziere Migration...
[2025-05-20T10:21:28.084Z] WARN:   ⚠ TypeScript-Verifizierung fehlgeschlagen: Befehl fehlgeschlagen mit Exit-Code 2: 
[2025-05-20T10:21:28.084Z] SUCCESS:   ✓ HotelFilters erfolgreich migriert in 679ms
[2025-05-20T10:21:29.087Z] INFO: 
[14/33] Verarbeite Komponente: HotelCard
[2025-05-20T10:21:29.088Z] INFO: 
➤ Migriere Komponente: HotelCard
[2025-05-20T10:21:29.088Z] INFO:   Quelle: components/hotels/HotelCard.js
[2025-05-20T10:21:29.088Z] INFO:   Ziel: /Users/samuelrenner/cincinhotels/src/components/hotels/HotelCard.ts
[2025-05-20T10:21:29.088Z] INFO:   Konvertiere zu TypeScript...
[2025-05-20T10:21:29.195Z] WARN:   Fallback: Kopiere und benenne Datei manuell um...
[2025-05-20T10:21:29.195Z] INFO:   Standardisiere Import-Pfade...
[2025-05-20T10:21:29.195Z] INFO:   Füge TypeScript-Typen hinzu...
[2025-05-20T10:21:29.196Z] INFO:   Verifiziere Migration...
[2025-05-20T10:21:30.977Z] WARN:   ⚠ TypeScript-Verifizierung fehlgeschlagen: Befehl fehlgeschlagen mit Exit-Code 2: 
[2025-05-20T10:21:30.977Z] SUCCESS:   ✓ HotelCard erfolgreich migriert in 1890ms
[2025-05-20T10:21:31.980Z] INFO: 
[15/33] Verarbeite Komponente: Hero
[2025-05-20T10:21:31.981Z] INFO: 
➤ Migriere Komponente: Hero
[2025-05-20T10:21:31.981Z] INFO:   Quelle: components/hotels/Hero.jsx
[2025-05-20T10:21:31.982Z] INFO:   Ziel: /Users/samuelrenner/cincinhotels/src/components/hotels/Hero.tsx
[2025-05-20T10:21:31.982Z] INFO:   Konvertiere zu TypeScript...
[2025-05-20T10:21:32.091Z] WARN:   Fallback: Kopiere und benenne Datei manuell um...
[2025-05-20T10:21:32.092Z] INFO:   Standardisiere Import-Pfade...
[2025-05-20T10:21:32.092Z] INFO:   Füge TypeScript-Typen hinzu...
[2025-05-20T10:21:32.092Z] INFO:   Verifiziere Migration...
[2025-05-20T10:21:33.996Z] WARN:   ⚠ TypeScript-Verifizierung fehlgeschlagen: Befehl fehlgeschlagen mit Exit-Code 2: 
[2025-05-20T10:21:33.996Z] SUCCESS:   ✓ Hero erfolgreich migriert in 2015ms
[2025-05-20T10:21:34.999Z] INFO: 
[16/33] Verarbeite Komponente: Filters
[2025-05-20T10:21:35.001Z] INFO: 
➤ Migriere Komponente: Filters
[2025-05-20T10:21:35.001Z] INFO:   Quelle: components/hotels/Filters.js
[2025-05-20T10:21:35.001Z] INFO:   Ziel: /Users/samuelrenner/cincinhotels/src/components/hotels/Filters.ts
[2025-05-20T10:21:35.001Z] INFO:   Konvertiere zu TypeScript...
[2025-05-20T10:21:35.111Z] WARN:   Fallback: Kopiere und benenne Datei manuell um...
[2025-05-20T10:21:35.111Z] INFO:   Standardisiere Import-Pfade...
[2025-05-20T10:21:35.111Z] INFO:   Füge TypeScript-Typen hinzu...
[2025-05-20T10:21:35.111Z] INFO:   Verifiziere Migration...
[2025-05-20T10:21:36.895Z] WARN:   ⚠ TypeScript-Verifizierung fehlgeschlagen: Befehl fehlgeschlagen mit Exit-Code 2: 
[2025-05-20T10:21:36.895Z] SUCCESS:   ✓ Filters erfolgreich migriert in 1895ms
[2025-05-20T10:21:37.898Z] INFO: 
[17/33] Verarbeite Komponente: FilterModal
[2025-05-20T10:21:37.899Z] INFO: 
➤ Migriere Komponente: FilterModal
[2025-05-20T10:21:37.899Z] INFO:   Quelle: components/hotels/FilterModal.js
[2025-05-20T10:21:37.899Z] INFO:   Ziel: /Users/samuelrenner/cincinhotels/src/components/hotels/FilterModal.ts
[2025-05-20T10:21:37.899Z] INFO:   Konvertiere zu TypeScript...
[2025-05-20T10:21:38.004Z] WARN:   Fallback: Kopiere und benenne Datei manuell um...
[2025-05-20T10:21:38.004Z] INFO:   Standardisiere Import-Pfade...
[2025-05-20T10:21:38.005Z] INFO:   Füge TypeScript-Typen hinzu...
[2025-05-20T10:21:38.005Z] INFO:   Verifiziere Migration...
[2025-05-20T10:21:39.773Z] WARN:   ⚠ TypeScript-Verifizierung fehlgeschlagen: Befehl fehlgeschlagen mit Exit-Code 2: 
[2025-05-20T10:21:39.773Z] SUCCESS:   ✓ FilterModal erfolgreich migriert in 1874ms
[2025-05-20T10:21:40.776Z] INFO: 
[18/33] Verarbeite Komponente: CategoryButton
[2025-05-20T10:21:40.777Z] INFO: 
➤ Migriere Komponente: CategoryButton
[2025-05-20T10:21:40.777Z] INFO:   Quelle: components/hotels/CategoryButton.js
[2025-05-20T10:21:40.777Z] INFO:   Ziel: /Users/samuelrenner/cincinhotels/src/components/hotels/CategoryButton.ts
[2025-05-20T10:21:40.777Z] INFO:   Konvertiere zu TypeScript...
[2025-05-20T10:21:40.882Z] WARN:   Fallback: Kopiere und benenne Datei manuell um...
[2025-05-20T10:21:40.882Z] INFO:   Standardisiere Import-Pfade...
[2025-05-20T10:21:40.883Z] INFO:   Füge TypeScript-Typen hinzu...
[2025-05-20T10:21:40.883Z] INFO:   Verifiziere Migration...
[2025-05-20T10:21:42.663Z] WARN:   ⚠ TypeScript-Verifizierung fehlgeschlagen: Befehl fehlgeschlagen mit Exit-Code 2: 
[2025-05-20T10:21:42.663Z] SUCCESS:   ✓ CategoryButton erfolgreich migriert in 1886ms
[2025-05-20T10:21:43.666Z] INFO: 
[19/33] Verarbeite Komponente: AnimatedHotelEntry
[2025-05-20T10:21:43.667Z] INFO: 
➤ Migriere Komponente: AnimatedHotelEntry
[2025-05-20T10:21:43.667Z] INFO:   Quelle: components/hotels/AnimatedHotelEntry.jsx
[2025-05-20T10:21:43.667Z] INFO:   Ziel: /Users/samuelrenner/cincinhotels/src/components/hotels/AnimatedHotelEntry.tsx
[2025-05-20T10:21:43.667Z] INFO:   Konvertiere zu TypeScript...
[2025-05-20T10:21:43.777Z] WARN:   Fallback: Kopiere und benenne Datei manuell um...
[2025-05-20T10:21:43.777Z] INFO:   Standardisiere Import-Pfade...
[2025-05-20T10:21:43.777Z] INFO:   Füge TypeScript-Typen hinzu...
[2025-05-20T10:21:43.777Z] INFO:   Verifiziere Migration...
[2025-05-20T10:21:45.599Z] WARN:   ⚠ TypeScript-Verifizierung fehlgeschlagen: Befehl fehlgeschlagen mit Exit-Code 2: 
[2025-05-20T10:21:45.599Z] SUCCESS:   ✓ AnimatedHotelEntry erfolgreich migriert in 1932ms
[2025-05-20T10:21:46.602Z] INFO: 
[20/33] Verarbeite Komponente: hotel-detail
[2025-05-20T10:21:46.602Z] INFO: 
➤ Migriere Komponente: hotel-detail
[2025-05-20T10:21:46.603Z] INFO:   Quelle: components/hotel-detail/index.js
[2025-05-20T10:21:46.603Z] INFO:   Ziel: /Users/samuelrenner/cincinhotels/src/components/hotel-detail/index.ts
[2025-05-20T10:21:46.603Z] INFO:   Konvertiere zu TypeScript...
[2025-05-20T10:21:46.711Z] WARN:   Fallback: Kopiere und benenne Datei manuell um...
[2025-05-20T10:21:46.711Z] INFO:   Standardisiere Import-Pfade...
[2025-05-20T10:21:46.712Z] INFO:   Füge TypeScript-Typen hinzu...
[2025-05-20T10:21:46.712Z] INFO:   Verifiziere Migration...
[2025-05-20T10:21:48.502Z] WARN:   ⚠ TypeScript-Verifizierung fehlgeschlagen: Befehl fehlgeschlagen mit Exit-Code 2: 
[2025-05-20T10:21:48.502Z] SUCCESS:   ✓ hotel-detail erfolgreich migriert in 1900ms
[2025-05-20T10:21:49.505Z] INFO: 
[21/33] Verarbeite Komponente: RoomCard
[2025-05-20T10:21:49.507Z] INFO: 
➤ Migriere Komponente: RoomCard
[2025-05-20T10:21:49.507Z] INFO:   Quelle: components/hotel-detail/RoomCard.js
[2025-05-20T10:21:49.507Z] INFO:   Ziel: /Users/samuelrenner/cincinhotels/src/components/hotel-detail/RoomCard.ts
[2025-05-20T10:21:49.507Z] INFO:   Konvertiere zu TypeScript...
[2025-05-20T10:21:49.620Z] WARN:   Fallback: Kopiere und benenne Datei manuell um...
[2025-05-20T10:21:49.620Z] INFO:   Standardisiere Import-Pfade...
[2025-05-20T10:21:49.621Z] INFO:   Füge TypeScript-Typen hinzu...
[2025-05-20T10:21:49.621Z] INFO:   Verifiziere Migration...
[2025-05-20T10:21:50.200Z] WARN:   ⚠ TypeScript-Verifizierung fehlgeschlagen: Befehl fehlgeschlagen mit Exit-Code 2: 
[2025-05-20T10:21:50.200Z] SUCCESS:   ✓ RoomCard erfolgreich migriert in 694ms
[2025-05-20T10:21:51.203Z] INFO: 
[22/33] Verarbeite Komponente: FeatureItem
[2025-05-20T10:21:51.205Z] INFO: 
➤ Migriere Komponente: FeatureItem
[2025-05-20T10:21:51.206Z] INFO:   Quelle: components/hotel-detail/FeatureItem.js
[2025-05-20T10:21:51.206Z] INFO:   Ziel: /Users/samuelrenner/cincinhotels/src/components/hotel-detail/FeatureItem.ts
[2025-05-20T10:21:51.206Z] INFO:   Konvertiere zu TypeScript...
[2025-05-20T10:21:51.313Z] WARN:   Fallback: Kopiere und benenne Datei manuell um...
[2025-05-20T10:21:51.313Z] INFO:   Standardisiere Import-Pfade...
[2025-05-20T10:21:51.313Z] INFO:   Füge TypeScript-Typen hinzu...
[2025-05-20T10:21:51.314Z] INFO:   Verifiziere Migration...
[2025-05-20T10:21:53.087Z] WARN:   ⚠ TypeScript-Verifizierung fehlgeschlagen: Befehl fehlgeschlagen mit Exit-Code 2: 
[2025-05-20T10:21:53.087Z] SUCCESS:   ✓ FeatureItem erfolgreich migriert in 1883ms
[2025-05-20T10:21:54.090Z] INFO: 
[23/33] Verarbeite Komponente: WorldMapSection
[2025-05-20T10:21:54.091Z] INFO: 
➤ Migriere Komponente: WorldMapSection
[2025-05-20T10:21:54.091Z] INFO:   Quelle: components/home/WorldMapSection.jsx
[2025-05-20T10:21:54.091Z] INFO:   Ziel: /Users/samuelrenner/cincinhotels/src/components/home/WorldMapSection.tsx
[2025-05-20T10:21:54.091Z] INFO:   Konvertiere zu TypeScript...
[2025-05-20T10:21:54.201Z] WARN:   Fallback: Kopiere und benenne Datei manuell um...
[2025-05-20T10:21:54.201Z] INFO:   Standardisiere Import-Pfade...
[2025-05-20T10:21:54.201Z] INFO:   Füge TypeScript-Typen hinzu...
[2025-05-20T10:21:54.201Z] INFO:   Verifiziere Migration...
[2025-05-20T10:21:56.007Z] WARN:   ⚠ TypeScript-Verifizierung fehlgeschlagen: Befehl fehlgeschlagen mit Exit-Code 2: 
[2025-05-20T10:21:56.007Z] SUCCESS:   ✓ WorldMapSection erfolgreich migriert in 1917ms
[2025-05-20T10:21:57.010Z] INFO: 
[24/33] Verarbeite Komponente: HotelCategories
[2025-05-20T10:21:57.012Z] INFO: 
➤ Migriere Komponente: HotelCategories
[2025-05-20T10:21:57.013Z] INFO:   Quelle: components/home/HotelCategories.jsx
[2025-05-20T10:21:57.013Z] INFO:   Ziel: /Users/samuelrenner/cincinhotels/src/components/home/HotelCategories.tsx
[2025-05-20T10:21:57.013Z] INFO:   Konvertiere zu TypeScript...
[2025-05-20T10:21:57.119Z] WARN:   Fallback: Kopiere und benenne Datei manuell um...
[2025-05-20T10:21:57.119Z] INFO:   Standardisiere Import-Pfade...
[2025-05-20T10:21:57.119Z] INFO:   Füge TypeScript-Typen hinzu...
[2025-05-20T10:21:57.119Z] INFO:   Verifiziere Migration...
[2025-05-20T10:21:58.905Z] WARN:   ⚠ TypeScript-Verifizierung fehlgeschlagen: Befehl fehlgeschlagen mit Exit-Code 2: 
[2025-05-20T10:21:58.905Z] SUCCESS:   ✓ HotelCategories erfolgreich migriert in 1894ms
[2025-05-20T10:21:59.907Z] INFO: 
[25/33] Verarbeite Komponente: DiscoverDestinations
[2025-05-20T10:21:59.907Z] INFO: 
➤ Migriere Komponente: DiscoverDestinations
[2025-05-20T10:21:59.907Z] INFO:   Quelle: components/home/DiscoverDestinations.jsx
[2025-05-20T10:21:59.907Z] INFO:   Ziel: /Users/samuelrenner/cincinhotels/src/components/home/DiscoverDestinations.tsx
[2025-05-20T10:21:59.907Z] INFO:   Konvertiere zu TypeScript...
[2025-05-20T10:22:00.012Z] WARN:   Fallback: Kopiere und benenne Datei manuell um...
[2025-05-20T10:22:00.013Z] INFO:   Standardisiere Import-Pfade...
[2025-05-20T10:22:00.013Z] INFO:   Füge TypeScript-Typen hinzu...
[2025-05-20T10:22:00.013Z] INFO:   Verifiziere Migration...
[2025-05-20T10:22:01.799Z] WARN:   ⚠ TypeScript-Verifizierung fehlgeschlagen: Befehl fehlgeschlagen mit Exit-Code 2: 
[2025-05-20T10:22:01.799Z] SUCCESS:   ✓ DiscoverDestinations erfolgreich migriert in 1892ms
[2025-05-20T10:22:02.801Z] INFO: 
[26/33] Verarbeite Komponente: DestinationCategories
[2025-05-20T10:22:02.802Z] INFO: 
➤ Migriere Komponente: DestinationCategories
[2025-05-20T10:22:02.802Z] INFO:   Quelle: components/home/DestinationCategories.jsx
[2025-05-20T10:22:02.802Z] INFO:   Ziel: /Users/samuelrenner/cincinhotels/src/components/home/DestinationCategories.tsx
[2025-05-20T10:22:02.802Z] INFO:   Konvertiere zu TypeScript...
[2025-05-20T10:22:02.923Z] WARN:   Fallback: Kopiere und benenne Datei manuell um...
[2025-05-20T10:22:02.924Z] INFO:   Standardisiere Import-Pfade...
[2025-05-20T10:22:02.924Z] INFO:   Füge TypeScript-Typen hinzu...
[2025-05-20T10:22:02.924Z] INFO:   Verifiziere Migration...
[2025-05-20T10:22:04.740Z] WARN:   ⚠ TypeScript-Verifizierung fehlgeschlagen: Befehl fehlgeschlagen mit Exit-Code 2: 
[2025-05-20T10:22:04.740Z] SUCCESS:   ✓ DestinationCategories erfolgreich migriert in 1939ms
[2025-05-20T10:22:05.743Z] INFO: 
[27/33] Verarbeite Komponente: Hero
[2025-05-20T10:22:05.744Z] INFO: 
➤ Migriere Komponente: Hero
[2025-05-20T10:22:05.744Z] INFO:   Quelle: components/destinations/Hero.jsx
[2025-05-20T10:22:05.744Z] INFO:   Ziel: /Users/samuelrenner/cincinhotels/src/components/destinations/Hero.tsx
[2025-05-20T10:22:05.744Z] INFO:   Konvertiere zu TypeScript...
[2025-05-20T10:22:05.855Z] INFO:   Standardisiere Import-Pfade...
[2025-05-20T10:22:05.856Z] INFO:   Füge TypeScript-Typen hinzu...
[2025-05-20T10:22:05.857Z] INFO:   Verifiziere Migration...
[2025-05-20T10:22:07.671Z] WARN:   ⚠ TypeScript-Verifizierung fehlgeschlagen: Befehl fehlgeschlagen mit Exit-Code 2: 
[2025-05-20T10:22:07.671Z] SUCCESS:   ✓ Hero erfolgreich migriert in 1928ms
[2025-05-20T10:22:08.673Z] INFO: 
[28/33] Verarbeite Komponente: DestinationHeader
[2025-05-20T10:22:08.674Z] INFO: 
➤ Migriere Komponente: DestinationHeader
[2025-05-20T10:22:08.674Z] INFO:   Quelle: components/destinations/DestinationHeader.jsx
[2025-05-20T10:22:08.675Z] INFO:   Ziel: /Users/samuelrenner/cincinhotels/src/components/destinations/DestinationHeader.tsx
[2025-05-20T10:22:08.675Z] INFO:   Konvertiere zu TypeScript...
[2025-05-20T10:22:08.786Z] WARN:   Fallback: Kopiere und benenne Datei manuell um...
[2025-05-20T10:22:08.786Z] INFO:   Standardisiere Import-Pfade...
[2025-05-20T10:22:08.786Z] INFO:   Füge TypeScript-Typen hinzu...
[2025-05-20T10:22:08.787Z] INFO:   Verifiziere Migration...
[2025-05-20T10:22:10.632Z] WARN:   ⚠ TypeScript-Verifizierung fehlgeschlagen: Befehl fehlgeschlagen mit Exit-Code 2: 
[2025-05-20T10:22:10.632Z] SUCCESS:   ✓ DestinationHeader erfolgreich migriert in 1958ms
[2025-05-20T10:22:11.634Z] INFO: 
[29/33] Verarbeite Komponente: common
[2025-05-20T10:22:11.635Z] INFO: 
➤ Migriere Komponente: common
[2025-05-20T10:22:11.635Z] INFO:   Quelle: components/common/index.js
[2025-05-20T10:22:11.635Z] INFO:   Ziel: /Users/samuelrenner/cincinhotels/src/components/common/index.ts
[2025-05-20T10:22:11.635Z] INFO:   Konvertiere zu TypeScript...
[2025-05-20T10:22:11.739Z] WARN:   Fallback: Kopiere und benenne Datei manuell um...
[2025-05-20T10:22:11.740Z] INFO:   Standardisiere Import-Pfade...
[2025-05-20T10:22:11.740Z] INFO:   Füge TypeScript-Typen hinzu...
[2025-05-20T10:22:11.740Z] INFO:   Verifiziere Migration...
[2025-05-20T10:22:13.501Z] WARN:   ⚠ TypeScript-Verifizierung fehlgeschlagen: Befehl fehlgeschlagen mit Exit-Code 2: 
[2025-05-20T10:22:13.501Z] SUCCESS:   ✓ common erfolgreich migriert in 1866ms
[2025-05-20T10:22:14.504Z] INFO: 
[30/33] Verarbeite Komponente: PageHero
[2025-05-20T10:22:14.505Z] INFO: 
➤ Migriere Komponente: PageHero
[2025-05-20T10:22:14.505Z] INFO:   Quelle: components/common/PageHero.jsx
[2025-05-20T10:22:14.505Z] INFO:   Ziel: /Users/samuelrenner/cincinhotels/src/components/common/PageHero.tsx
[2025-05-20T10:22:14.505Z] INFO:   Konvertiere zu TypeScript...
[2025-05-20T10:22:14.615Z] WARN:   Fallback: Kopiere und benenne Datei manuell um...
[2025-05-20T10:22:14.615Z] INFO:   Standardisiere Import-Pfade...
[2025-05-20T10:22:14.615Z] INFO:   Füge TypeScript-Typen hinzu...
[2025-05-20T10:22:14.616Z] INFO:   Verifiziere Migration...
[2025-05-20T10:22:16.478Z] WARN:   ⚠ TypeScript-Verifizierung fehlgeschlagen: Befehl fehlgeschlagen mit Exit-Code 2: 
[2025-05-20T10:22:16.478Z] SUCCESS:   ✓ PageHero erfolgreich migriert in 1974ms
[2025-05-20T10:22:17.481Z] INFO: 
[31/33] Verarbeite Komponente: LoadingSpinner
[2025-05-20T10:22:17.482Z] INFO: 
➤ Migriere Komponente: LoadingSpinner
[2025-05-20T10:22:17.482Z] INFO:   Quelle: components/common/LoadingSpinner.jsx
[2025-05-20T10:22:17.482Z] INFO:   Ziel: /Users/samuelrenner/cincinhotels/src/components/common/LoadingSpinner.tsx
[2025-05-20T10:22:17.482Z] INFO:   Konvertiere zu TypeScript...
[2025-05-20T10:22:17.590Z] WARN:   Fallback: Kopiere und benenne Datei manuell um...
[2025-05-20T10:22:17.591Z] INFO:   Standardisiere Import-Pfade...
[2025-05-20T10:22:17.591Z] INFO:   Füge TypeScript-Typen hinzu...
[2025-05-20T10:22:17.591Z] INFO:   Verifiziere Migration...
[2025-05-20T10:22:19.371Z] WARN:   ⚠ TypeScript-Verifizierung fehlgeschlagen: Befehl fehlgeschlagen mit Exit-Code 2: 
[2025-05-20T10:22:19.371Z] SUCCESS:   ✓ LoadingSpinner erfolgreich migriert in 1890ms
[2025-05-20T10:22:20.374Z] INFO: 
[32/33] Verarbeite Komponente: ContentBlock
[2025-05-20T10:22:20.375Z] INFO: 
➤ Migriere Komponente: ContentBlock
[2025-05-20T10:22:20.375Z] INFO:   Quelle: components/common/ContentBlock.jsx
[2025-05-20T10:22:20.375Z] INFO:   Ziel: /Users/samuelrenner/cincinhotels/src/components/common/ContentBlock.tsx
[2025-05-20T10:22:20.375Z] INFO:   Konvertiere zu TypeScript...
[2025-05-20T10:22:20.481Z] WARN:   Fallback: Kopiere und benenne Datei manuell um...
[2025-05-20T10:22:20.481Z] INFO:   Standardisiere Import-Pfade...
[2025-05-20T10:22:20.481Z] INFO:   Füge TypeScript-Typen hinzu...
[2025-05-20T10:22:20.481Z] INFO:   Verifiziere Migration...
[2025-05-20T10:22:22.245Z] WARN:   ⚠ TypeScript-Verifizierung fehlgeschlagen: Befehl fehlgeschlagen mit Exit-Code 2: 
[2025-05-20T10:22:22.245Z] SUCCESS:   ✓ ContentBlock erfolgreich migriert in 1871ms
[2025-05-20T10:22:23.247Z] INFO: 
[33/33] Verarbeite Komponente: AssetPreloader
[2025-05-20T10:22:23.248Z] INFO: 
➤ Migriere Komponente: AssetPreloader
[2025-05-20T10:22:23.249Z] INFO:   Quelle: components/common/AssetPreloader.jsx
[2025-05-20T10:22:23.249Z] INFO:   Ziel: /Users/samuelrenner/cincinhotels/src/components/common/AssetPreloader.tsx
[2025-05-20T10:22:23.249Z] INFO:   Konvertiere zu TypeScript...
[2025-05-20T10:22:23.358Z] WARN:   Fallback: Kopiere und benenne Datei manuell um...
[2025-05-20T10:22:23.358Z] INFO:   Standardisiere Import-Pfade...
[2025-05-20T10:22:23.358Z] INFO:   Füge TypeScript-Typen hinzu...
[2025-05-20T10:22:23.358Z] INFO:   Verifiziere Migration...
[2025-05-20T10:22:25.167Z] WARN:   ⚠ TypeScript-Verifizierung fehlgeschlagen: Befehl fehlgeschlagen mit Exit-Code 2: 
[2025-05-20T10:22:25.167Z] SUCCESS:   ✓ AssetPreloader erfolgreich migriert in 1919ms
[2025-05-20T10:22:25.168Z] INFO: 
📊 MIGRATIONS-ZUSAMMENFASSUNG
[2025-05-20T10:22:25.168Z] INFO: ════════════════════════════════════════════
[2025-05-20T10:22:25.168Z] INFO: Gesamtzahl Komponenten: 33
[2025-05-20T10:22:25.168Z] SUCCESS: Erfolgreich migriert: 33
[2025-05-20T10:22:25.168Z] WARN: Übersprungen: 0
[2025-05-20T10:22:25.168Z] ERROR: Fehlgeschlagen: 0
[2025-05-20T10:22:25.168Z] INFO: Dauer: 1m 31s
[2025-05-20T10:22:25.168Z] INFO: ════════════════════════════════════════════
[2025-05-20T10:22:25.168Z] SUCCESS: 
✅ Migration für 33 Komponenten erfolgreich abgeschlossen.
